TN:
SF:src\calculator.js
FN:2,Calculator
FN:6,set
FN:10,clear
FN:14,add
FN:22,subtract
FN:26,multiply
FN:30,divide
FNF:7
FNH:7
FNDA:11,Calculator
FNDA:9,set
FNDA:12,clear
FNDA:2,add
FNDA:1,subtract
FNDA:1,multiply
FNDA:4,divide
DA:1,1
DA:2,1
DA:3,11
DA:4,11
DA:5,1
DA:6,1
DA:7,9
DA:8,9
DA:9,1
DA:10,1
DA:11,12
DA:12,12
DA:13,1
DA:14,1
DA:15,2
DA:16,2
DA:17,2
DA:18,2
DA:19,2
DA:20,2
DA:21,1
DA:22,1
DA:23,1
DA:24,1
DA:25,1
DA:26,1
DA:27,1
DA:28,1
DA:29,1
DA:30,1
DA:31,4
DA:32,4
DA:33,1
DA:34,1
DA:35,1
LF:35
LH:35
BRF:0
BRH:0
end_of_record
